Traceback (most recent call last):
  File "/nix/store/jrj6bfw2pn41hcz231dbscwnrx666hji-nixos-render-docs-0.0/lib/python3.13/site-packages/nixos_render_docs/manual.py", line 39, in convert
    self._postprocess(infile, outfile, tokens)
    ~~~~~~~~~~~~~~~~~^^^^^^^^^^^^^^^^^^^^^^^^^
  File "/nix/store/jrj6bfw2pn41hcz231dbscwnrx666hji-nixos-render-docs-0.0/lib/python3.13/site-packages/nixos_render_docs/manual.py", line 746, in _postprocess
    self._redirects.validate(self._xref_targets)
    ~~~~~~~~~~~~~~~~~~~~~~~~^^^^^^^^^^^^^^^^^^^^
  File "/nix/store/jrj6bfw2pn41hcz231dbscwnrx666hji-nixos-render-docs-0.0/lib/python3.13/site-packages/nixos_render_docs/redirects.py", line 153, in validate
    raise RedirectsError(
    ...<5 lines>...
    )
nixos_render_docs.redirects.RedirectsError: 
Identifiers present in the source must have a mapping in the redirects file.
    - module-services-tdarr-advanced-plugins
    - module-services-tdarr-advanced
    - module-services-tdarr-nodes-types
    - module-services-tdarr-basic-usage
    - module-services-tdarr-nodes-workers
    - module-services-tdarr
    - module-services-tdarr-distributed
    - module-services-tdarr-nodes-multiple
    - module-services-tdarr-distributed-nodes
    - module-services-tdarr-advanced-datadir
    - module-services-tdarr-nodes
    - module-services-tdarr-advanced-extra
    - module-services-tdarr-nodes-only
    - module-services-tdarr-networking
    - module-services-tdarr-nodes-path-translators
    - module-services-tdarr-networking-ports
    - module-services-tdarr-authentication
    - module-services-tdarr-distributed-server
    - module-services-tdarr-advanced-node-datadir
    - module-services-tdarr-networking-firewall
    - module-services-tdarr-server-only
    - module-services-tdarr-networking-ipv6

This can happen when an identifier was added, renamed, or removed.

    Added new content?
        $ redirects add-content <identifier> <path>
    often:
        $ redirects add-content <identifier> index.html

    Moved existing content to a different output path?
        $ redirects move-content <identifier> <path>

    Renamed existing identifiers?
        $ redirects rename-identifier <old-identifier> <new-identifier>

    Removed content? Redirect to alternatives or relevant release notes.
        $ redirects remove-and-redirect <identifier> <target-identifier>

    NOTE: Run the right nix-shell to make this command available.
        Nixpkgs:
        $ nix-shell doc
        NixOS:
        $ nix-shell nixos/doc/manual

NOTE: If your build passes locally and you see this message in CI, you probably need a rebase.

The above exception was the direct cause of the following exception:

Traceback (most recent call last):
  File "/nix/store/jrj6bfw2pn41hcz231dbscwnrx666hji-nixos-render-docs-0.0/lib/python3.13/site-packages/nixos_render_docs/__init__.py", line 49, in main
    manual.run_cli(args)
    ~~~~~~~~~~~~~~^^^^^^
  File "/nix/store/jrj6bfw2pn41hcz231dbscwnrx666hji-nixos-render-docs-0.0/lib/python3.13/site-packages/nixos_render_docs/manual.py", line 789, in run_cli
    _run_cli_html(args)
    ~~~~~~~~~~~~~^^^^^^
  File "/nix/store/jrj6bfw2pn41hcz231dbscwnrx666hji-nixos-render-docs-0.0/lib/python3.13/site-packages/nixos_render_docs/manual.py", line 781, in _run_cli_html
    md.convert(args.infile, args.outfile)
    ~~~~~~~~~~^^^^^^^^^^^^^^^^^^^^^^^^^^^
  File "/nix/store/jrj6bfw2pn41hcz231dbscwnrx666hji-nixos-render-docs-0.0/lib/python3.13/site-packages/nixos_render_docs/manual.py", line 583, in convert
    super().convert(infile, outfile)
    ~~~~~~~~~~~~~~~^^^^^^^^^^^^^^^^^
  File "/nix/store/jrj6bfw2pn41hcz231dbscwnrx666hji-nixos-render-docs-0.0/lib/python3.13/site-packages/nixos_render_docs/manual.py", line 43, in convert
    raise RuntimeError(f"failed to render manual {infile}") from e
RuntimeError: failed to render manual manual.md
[1;31merror:[0m
	failed to render manual manual.md

[1;31mcaused by:[0m

Identifiers present in the source must have a mapping in the redirects file.
    - module-services-tdarr-advanced-plugins
    - module-services-tdarr-advanced
    - module-services-tdarr-nodes-types
    - module-services-tdarr-basic-usage
    - module-services-tdarr-nodes-workers
    - module-services-tdarr
    - module-services-tdarr-distributed
    - module-services-tdarr-nodes-multiple
    - module-services-tdarr-distributed-nodes
    - module-services-tdarr-advanced-datadir
    - module-services-tdarr-nodes
    - module-services-tdarr-advanced-extra
    - module-services-tdarr-nodes-only
    - module-services-tdarr-networking
    - module-services-tdarr-nodes-path-translators
    - module-services-tdarr-networking-ports
    - module-services-tdarr-authentication
    - module-services-tdarr-distributed-server
    - module-services-tdarr-advanced-node-datadir
    - module-services-tdarr-networking-firewall
    - module-services-tdarr-server-only
    - module-services-tdarr-networking-ipv6

This can happen when an identifier was added, renamed, or removed.

    Added new content?
        $ redirects add-content <identifier> <path>
    often:
        $ redirects add-content <identifier> index.html

    Moved existing content to a different output path?
        $ redirects move-content <identifier> <path>

    Renamed existing identifiers?
        $ redirects rename-identifier <old-identifier> <new-identifier>

    Removed content? Redirect to alternatives or relevant release notes.
        $ redirects remove-and-redirect <identifier> <target-identifier>

    NOTE: Run the right nix-shell to make this command available.
        Nixpkgs:
        $ nix-shell doc
        NixOS:
        $ nix-shell nixos/doc/manual

NOTE: If your build passes locally and you see this message in CI, you probably need a rebase.
